08-08-2018 12:50:31.251 [background-preinit] DEBUG o.h.v.m.ResourceBundleMessageInterpolator.buildExpressionFactory - Loaded expression factory via original TCCL
08-08-2018 12:50:31.282 [background-preinit] DEBUG o.h.v.i.engine.ValidatorFactoryImpl.logValidatorFactoryScopedConfiguration - HV000234: Using org.hibernate.validator.messageinterpolation.ResourceBundleMessageInterpolator as ValidatorFactory-scoped message interpolator.
08-08-2018 12:50:31.282 [background-preinit] DEBUG o.h.v.i.engine.ValidatorFactoryImpl.logValidatorFactoryScopedConfiguration - HV000234: Using org.hibernate.validator.internal.engine.resolver.TraverseAllTraversableResolver as ValidatorFactory-scoped traversable resolver.
08-08-2018 12:50:31.282 [background-preinit] DEBUG o.h.v.i.engine.ValidatorFactoryImpl.logValidatorFactoryScopedConfiguration - HV000234: Using org.hibernate.validator.internal.util.ExecutableParameterNameProvider as ValidatorFactory-scoped parameter name provider.
08-08-2018 12:50:31.282 [background-preinit] DEBUG o.h.v.i.engine.ValidatorFactoryImpl.logValidatorFactoryScopedConfiguration - HV000234: Using org.hibernate.validator.internal.engine.DefaultClockProvider as ValidatorFactory-scoped clock provider.
08-08-2018 12:50:31.282 [background-preinit] DEBUG o.h.v.i.engine.ValidatorFactoryImpl.logValidatorFactoryScopedConfiguration - HV000234: Using org.hibernate.validator.internal.engine.scripting.DefaultScriptEvaluatorFactory as ValidatorFactory-scoped script evaluator factory.
08-08-2018 12:50:31.392 [main] INFO  c.a.S.SpringBootProjectApplication.logStarting - Starting SpringBootProjectApplication on DIN34002824 with PID 13008 (D:\Users\rashegde\Desktop\WORKSPACE\Project\target\classes started by rashegde in D:\Users\rashegde\Desktop\WORKSPACE\Project)
08-08-2018 12:50:31.402 [main] INFO  c.a.S.SpringBootProjectApplication.logStartupProfileInfo - No active profile set, falling back to default profiles: default
08-08-2018 12:50:31.462 [main] INFO  o.s.b.w.s.c.AnnotationConfigServletWebServerApplicationContext.prepareRefresh - Refreshing org.springframework.boot.web.servlet.context.AnnotationConfigServletWebServerApplicationContext@47542153: startup date [Wed Aug 08 12:50:31 IST 2018]; root of context hierarchy
08-08-2018 12:50:33.141 [main] INFO  o.s.b.w.e.tomcat.TomcatWebServer.initialize - Tomcat initialized with port(s): 8080 (http)
08-08-2018 12:50:33.171 [main] INFO  o.a.catalina.core.StandardService.log - Starting service [Tomcat]
08-08-2018 12:50:33.171 [main] INFO  o.a.catalina.core.StandardEngine.log - Starting Servlet Engine: Apache Tomcat/8.5.31
08-08-2018 12:50:33.172 [localhost-startStop-1] INFO  o.a.c.core.AprLifecycleListener.log - The APR based Apache Tomcat Native library which allows optimal performance in production environments was not found on the java.library.path: [C:\Program Files\Java\jdk1.8.0_171\bin;C:\WINDOWS\Sun\Java\bin;C:\WINDOWS\system32;C:\WINDOWS;C:/Program Files/Java/JAVA_HOME/bin/server;C:/Program Files/Java/JAVA_HOME/bin;C:/Program Files/Java/JAVA_HOME/lib/amd64;C:\Program Files (x86)\Common Files\Oracle\Java\javapath;C:\ProgramData\Oracle\Java\javapath;C:\WINDOWS\system32;C:\WINDOWS;C:\WINDOWS\System32\Wbem;C:\WINDOWS\System32\WindowsPowerShell\v1.0\;C:\Program Files (x86)\QuickTime\QTSystem\;C:\Program Files\CapgeminiScripts\Support Tools\;C:\WINDOWS\System32\WindowsPowerShell\v1.0\;C:\Program Files (x86)\Common Files\Oracle\Java\javapath;C:\ProgramData\Oracle\Java\javapath;C:\WINDOWS\system32;C:\WINDOWS;C:\WINDOWS\System32\Wbem;C:\WINDOWS\System32\WindowsPowerShell\v1.0\;C:\Program Files (x86)\QuickTime\QTSystem\;C:\Program Files\CapgeminiScripts\Support Tools\;C:\WINDOWS\System32\WindowsPowerShell\v1.0\;C:\Users\rashegde\AppData\Local\Programs\Git\cmd;D:\Users\rashegde\Downloads\softwares\eclipse-jee-oxygen-3a-win32-x86_64\eclipse;;.]
08-08-2018 12:50:33.311 [localhost-startStop-1] INFO  o.a.c.c.C.[Tomcat].[localhost].[/].log - Initializing Spring embedded WebApplicationContext
08-08-2018 12:50:33.321 [localhost-startStop-1] INFO  o.s.web.context.ContextLoader.prepareWebApplicationContext - Root WebApplicationContext: initialization completed in 1849 ms
08-08-2018 12:50:33.461 [localhost-startStop-1] INFO  o.s.b.w.s.ServletRegistrationBean.addRegistration - Servlet dispatcherServlet mapped to [/]
08-08-2018 12:50:33.471 [localhost-startStop-1] INFO  o.s.b.w.s.FilterRegistrationBean.configure - Mapping filter: 'characterEncodingFilter' to: [/*]
08-08-2018 12:50:33.471 [localhost-startStop-1] INFO  o.s.b.w.s.FilterRegistrationBean.configure - Mapping filter: 'hiddenHttpMethodFilter' to: [/*]
08-08-2018 12:50:33.471 [localhost-startStop-1] INFO  o.s.b.w.s.FilterRegistrationBean.configure - Mapping filter: 'httpPutFormContentFilter' to: [/*]
08-08-2018 12:50:33.471 [localhost-startStop-1] INFO  o.s.b.w.s.FilterRegistrationBean.configure - Mapping filter: 'requestContextFilter' to: [/*]
08-08-2018 12:50:33.691 [main] DEBUG o.h.v.i.e.r.TraversableResolvers.getDefault - Cannot find javax.persistence.Persistence on classpath. Assuming non JPA 2 environment. All properties will per default be traversable.
08-08-2018 12:50:33.691 [main] DEBUG o.h.v.m.ResourceBundleMessageInterpolator.buildExpressionFactory - Loaded expression factory via original TCCL
08-08-2018 12:50:33.691 [main] DEBUG o.h.v.i.e.r.TraversableResolvers.getDefault - Cannot find javax.persistence.Persistence on classpath. Assuming non JPA 2 environment. All properties will per default be traversable.
08-08-2018 12:50:33.691 [main] DEBUG o.h.v.i.engine.ConfigurationImpl.messageInterpolator - Setting custom MessageInterpolator of type org.springframework.validation.beanvalidation.LocaleContextMessageInterpolator
08-08-2018 12:50:33.691 [main] DEBUG o.h.v.i.engine.ConfigurationImpl.constraintValidatorFactory - Setting custom ConstraintValidatorFactory of type org.springframework.validation.beanvalidation.SpringConstraintValidatorFactory
08-08-2018 12:50:33.691 [main] DEBUG o.h.v.i.engine.ConfigurationImpl.parameterNameProvider - Setting custom ParameterNameProvider of type org.springframework.validation.beanvalidation.LocalValidatorFactoryBean$1
08-08-2018 12:50:33.691 [main] DEBUG o.h.v.i.xml.ValidationXmlParser.getValidationXmlInputStream - Trying to load META-INF/validation.xml for XML based Validator configuration.
08-08-2018 12:50:33.701 [main] DEBUG o.h.v.i.xml.ResourceLoaderHelper.getResettableInputStreamForPath - Trying to load META-INF/validation.xml via user class loader
08-08-2018 12:50:33.701 [main] DEBUG o.h.v.i.xml.ResourceLoaderHelper.getResettableInputStreamForPath - Trying to load META-INF/validation.xml via TCCL
08-08-2018 12:50:33.701 [main] DEBUG o.h.v.i.xml.ResourceLoaderHelper.getResettableInputStreamForPath - Trying to load META-INF/validation.xml via Hibernate Validator's class loader
08-08-2018 12:50:33.701 [main] DEBUG o.h.v.i.xml.ValidationXmlParser.getValidationXmlInputStream - No META-INF/validation.xml found. Using annotation based configuration only.
08-08-2018 12:50:33.701 [main] DEBUG o.h.v.i.engine.ValidatorFactoryImpl.logValidatorFactoryScopedConfiguration - HV000234: Using org.springframework.validation.beanvalidation.LocaleContextMessageInterpolator as ValidatorFactory-scoped message interpolator.
08-08-2018 12:50:33.701 [main] DEBUG o.h.v.i.engine.ValidatorFactoryImpl.logValidatorFactoryScopedConfiguration - HV000234: Using org.hibernate.validator.internal.engine.resolver.TraverseAllTraversableResolver as ValidatorFactory-scoped traversable resolver.
08-08-2018 12:50:33.701 [main] DEBUG o.h.v.i.engine.ValidatorFactoryImpl.logValidatorFactoryScopedConfiguration - HV000234: Using org.hibernate.validator.internal.util.ExecutableParameterNameProvider as ValidatorFactory-scoped parameter name provider.
08-08-2018 12:50:33.701 [main] DEBUG o.h.v.i.engine.ValidatorFactoryImpl.logValidatorFactoryScopedConfiguration - HV000234: Using org.hibernate.validator.internal.engine.DefaultClockProvider as ValidatorFactory-scoped clock provider.
08-08-2018 12:50:33.701 [main] DEBUG o.h.v.i.engine.ValidatorFactoryImpl.logValidatorFactoryScopedConfiguration - HV000234: Using org.hibernate.validator.internal.engine.scripting.DefaultScriptEvaluatorFactory as ValidatorFactory-scoped script evaluator factory.
08-08-2018 12:50:33.751 [main] INFO  o.s.w.s.h.SimpleUrlHandlerMapping.registerHandler - Mapped URL path [/**/favicon.ico] onto handler of type [class org.springframework.web.servlet.resource.ResourceHttpRequestHandler]
08-08-2018 12:50:33.957 [main] INFO  o.s.w.s.m.m.a.RequestMappingHandlerAdapter.initControllerAdviceCache - Looking for @ControllerAdvice: org.springframework.boot.web.servlet.context.AnnotationConfigServletWebServerApplicationContext@47542153: startup date [Wed Aug 08 12:50:31 IST 2018]; root of context hierarchy
08-08-2018 12:50:34.035 [main] INFO  o.s.w.s.m.m.a.RequestMappingHandlerMapping.register - Mapped "{[/dining/register/{guestId}],methods=[POST]}" onto public org.springframework.http.ResponseEntity<java.lang.Object> com.app.SpringBootProject.GuestController.DiningController.register(long,com.app.SpringBootProject.bean.Dining)
08-08-2018 12:50:34.035 [main] INFO  o.s.w.s.m.m.a.RequestMappingHandlerMapping.register - Mapped "{[/dining/update/{dReservationNumber}],methods=[PUT]}" onto public org.springframework.http.ResponseEntity<java.lang.Object> com.app.SpringBootProject.GuestController.DiningController.updateDining(long,com.app.SpringBootProject.bean.Dining)
08-08-2018 12:50:34.035 [main] INFO  o.s.w.s.m.m.a.RequestMappingHandlerMapping.register - Mapped "{[/dining/get/{dReservationNumber}],methods=[GET]}" onto public org.springframework.http.ResponseEntity<java.lang.Object> com.app.SpringBootProject.GuestController.DiningController.getDining(long)
08-08-2018 12:50:34.035 [main] INFO  o.s.w.s.m.m.a.RequestMappingHandlerMapping.register - Mapped "{[/dining/getall/{guestId}],methods=[GET]}" onto public java.util.List<com.app.SpringBootProject.bean.Dining> com.app.SpringBootProject.GuestController.DiningController.getAllDining(long)
08-08-2018 12:50:34.035 [main] INFO  o.s.w.s.m.m.a.RequestMappingHandlerMapping.register - Mapped "{[/dining/cancel/{dReservationNumber}],methods=[PUT]}" onto public org.springframework.http.ResponseEntity<com.app.SpringBootProject.bean.Dining> com.app.SpringBootProject.GuestController.DiningController.cancelDining(long)
08-08-2018 12:50:34.035 [main] INFO  o.s.w.s.m.m.a.RequestMappingHandlerMapping.register - Mapped "{[/guest/register],methods=[POST]}" onto public org.springframework.http.ResponseEntity<com.app.SpringBootProject.bean.Guest> com.app.SpringBootProject.GuestController.GuestController.register(com.app.SpringBootProject.bean.Guest)
08-08-2018 12:50:34.035 [main] INFO  o.s.w.s.m.m.a.RequestMappingHandlerMapping.register - Mapped "{[/guest/update/{guestId}],methods=[PUT]}" onto public org.springframework.http.ResponseEntity<com.app.SpringBootProject.bean.Guest> com.app.SpringBootProject.GuestController.GuestController.updateGuest(long,com.app.SpringBootProject.bean.Guest)
08-08-2018 12:50:34.035 [main] INFO  o.s.w.s.m.m.a.RequestMappingHandlerMapping.register - Mapped "{[/guest/get/{guestId}],methods=[GET]}" onto public org.springframework.http.ResponseEntity<com.app.SpringBootProject.bean.Guest> com.app.SpringBootProject.GuestController.GuestController.getResort(long)
08-08-2018 12:50:34.035 [main] INFO  o.s.w.s.m.m.a.RequestMappingHandlerMapping.register - Mapped "{[/guest/login],methods=[POST]}" onto public org.springframework.http.ResponseEntity<com.app.SpringBootProject.bean.Guest> com.app.SpringBootProject.GuestController.GuestController.login(com.app.SpringBootProject.bean.Guest)
08-08-2018 12:50:34.035 [main] INFO  o.s.w.s.m.m.a.RequestMappingHandlerMapping.register - Mapped "{[/guest/view/{guestId}],methods=[GET]}" onto public java.util.List com.app.SpringBootProject.GuestController.GuestController.viewItenarary(long)
08-08-2018 12:50:34.045 [main] INFO  o.s.w.s.m.m.a.RequestMappingHandlerMapping.register - Mapped "{[/resort/register/{guestId}],methods=[POST]}" onto public org.springframework.http.ResponseEntity<java.lang.Object> com.app.SpringBootProject.GuestController.ResortController.register(long,com.app.SpringBootProject.bean.Resort)
08-08-2018 12:50:34.045 [main] INFO  o.s.w.s.m.m.a.RequestMappingHandlerMapping.register - Mapped "{[/resort/get/{rReservationNumber}],methods=[GET]}" onto public org.springframework.http.ResponseEntity<java.lang.Object> com.app.SpringBootProject.GuestController.ResortController.getResort(long)
08-08-2018 12:50:34.045 [main] INFO  o.s.w.s.m.m.a.RequestMappingHandlerMapping.register - Mapped "{[/resort/update/{rReservationNumber}],methods=[PUT]}" onto public org.springframework.http.ResponseEntity<java.lang.Object> com.app.SpringBootProject.GuestController.ResortController.updateResort(long,com.app.SpringBootProject.bean.Resort)
08-08-2018 12:50:34.045 [main] INFO  o.s.w.s.m.m.a.RequestMappingHandlerMapping.register - Mapped "{[/resort/getall/{guestId}],methods=[GET]}" onto public java.util.List<com.app.SpringBootProject.bean.Resort> com.app.SpringBootProject.GuestController.ResortController.getAllResort(long)
08-08-2018 12:50:34.045 [main] INFO  o.s.w.s.m.m.a.RequestMappingHandlerMapping.register - Mapped "{[/resort/cancel/{rReservationNumber}],methods=[PUT]}" onto public org.springframework.http.ResponseEntity<com.app.SpringBootProject.bean.Resort> com.app.SpringBootProject.GuestController.ResortController.cancelResort(long)
08-08-2018 12:50:34.045 [main] INFO  o.s.w.s.m.m.a.RequestMappingHandlerMapping.register - Mapped "{[/error]}" onto public org.springframework.http.ResponseEntity<java.util.Map<java.lang.String, java.lang.Object>> org.springframework.boot.autoconfigure.web.servlet.error.BasicErrorController.error(javax.servlet.http.HttpServletRequest)
08-08-2018 12:50:34.045 [main] INFO  o.s.w.s.m.m.a.RequestMappingHandlerMapping.register - Mapped "{[/error],produces=[text/html]}" onto public org.springframework.web.servlet.ModelAndView org.springframework.boot.autoconfigure.web.servlet.error.BasicErrorController.errorHtml(javax.servlet.http.HttpServletRequest,javax.servlet.http.HttpServletResponse)
08-08-2018 12:50:34.174 [main] INFO  o.s.w.s.h.SimpleUrlHandlerMapping.registerHandler - Mapped URL path [/webjars/**] onto handler of type [class org.springframework.web.servlet.resource.ResourceHttpRequestHandler]
08-08-2018 12:50:34.174 [main] INFO  o.s.w.s.h.SimpleUrlHandlerMapping.registerHandler - Mapped URL path [/**] onto handler of type [class org.springframework.web.servlet.resource.ResourceHttpRequestHandler]
08-08-2018 12:50:34.569 [main] INFO  o.s.j.e.a.AnnotationMBeanExporter.afterSingletonsInstantiated - Registering beans for JMX exposure on startup
08-08-2018 12:50:34.579 [main] INFO  o.s.j.e.a.AnnotationMBeanExporter.autodetect - Bean with name 'dataSource' has been autodetected for JMX exposure
08-08-2018 12:50:34.579 [main] INFO  o.s.j.e.a.AnnotationMBeanExporter.registerBeanInstance - Located MBean 'dataSource': registering with JMX server as MBean [com.zaxxer.hikari:name=dataSource,type=HikariDataSource]
08-08-2018 12:50:34.639 [main] INFO  o.s.b.w.e.tomcat.TomcatWebServer.start - Tomcat started on port(s): 8080 (http) with context path ''
08-08-2018 12:50:34.649 [main] INFO  c.a.S.SpringBootProjectApplication.logStarted - Started SpringBootProjectApplication in 3.719 seconds (JVM running for 4.391)
08-08-2018 12:50:34.649 [main] INFO  SpringBootProjectApplication.class.main - started. . .!!!
08-08-2018 12:50:41.009 [http-nio-8080-exec-1] INFO  o.a.c.c.C.[Tomcat].[localhost].[/].log - Initializing Spring FrameworkServlet 'dispatcherServlet'
08-08-2018 12:50:41.009 [http-nio-8080-exec-1] INFO  o.s.web.servlet.DispatcherServlet.initServletBean - FrameworkServlet 'dispatcherServlet': initialization started
08-08-2018 12:50:41.030 [http-nio-8080-exec-1] INFO  o.s.web.servlet.DispatcherServlet.initServletBean - FrameworkServlet 'dispatcherServlet': initialization completed in 21 ms
08-08-2018 12:50:41.200 [http-nio-8080-exec-2] INFO  c.a.S.G.GuestController.login - Entering into /guest/login
08-08-2018 12:50:41.200 [http-nio-8080-exec-2] INFO  c.a.S.service.GuestServiceImpl.validate - Entering into validate in service layer
08-08-2018 12:50:41.201 [http-nio-8080-exec-2] INFO  c.a.S.dao.GuestDaoImpl.validate - Entering into validate guest
08-08-2018 12:50:41.201 [http-nio-8080-exec-2] INFO  com.zaxxer.hikari.HikariDataSource.getConnection - HikariPool-1 - Starting...
08-08-2018 12:50:41.461 [http-nio-8080-exec-2] INFO  com.zaxxer.hikari.HikariDataSource.getConnection - HikariPool-1 - Start completed.
08-08-2018 12:50:41.501 [http-nio-8080-exec-2] INFO  c.a.S.G.GuestController.login - Successfully logged in
08-08-2018 12:50:48.588 [http-nio-8080-exec-4] INFO  c.a.S.G.GuestController.viewItenarary - Entering into /guest/view/{guestId}
08-08-2018 12:50:48.588 [http-nio-8080-exec-4] INFO  c.a.S.service.ResortServiceImpl.getAllResort - Entering into getAllResort in service layer
08-08-2018 12:50:48.589 [http-nio-8080-exec-4] INFO  c.a.S.dao.ResortDaoImpl.getAllResort - Entering into getAllResort
08-08-2018 12:50:48.609 [http-nio-8080-exec-4] INFO  c.a.S.service.DiningServiceImpl.getAllDining - Entering into getAllDining in service layer
08-08-2018 12:50:48.619 [http-nio-8080-exec-4] INFO  c.a.S.dao.DiningDaoImpl.getAllDining - Entering into getAllDining
08-08-2018 12:55:16.402 [http-nio-8080-exec-6] INFO  c.a.S.G.GuestController.viewItenarary - Entering into /guest/view/{guestId}
08-08-2018 12:55:16.412 [http-nio-8080-exec-6] INFO  c.a.S.service.ResortServiceImpl.getAllResort - Entering into getAllResort in service layer
08-08-2018 12:55:16.412 [http-nio-8080-exec-6] INFO  c.a.S.dao.ResortDaoImpl.getAllResort - Entering into getAllResort
08-08-2018 12:55:16.413 [http-nio-8080-exec-6] INFO  c.a.S.service.DiningServiceImpl.getAllDining - Entering into getAllDining in service layer
08-08-2018 12:55:16.413 [http-nio-8080-exec-6] INFO  c.a.S.dao.DiningDaoImpl.getAllDining - Entering into getAllDining
08-08-2018 12:55:39.554 [http-nio-8080-exec-8] INFO  c.a.S.G.GuestController.login - Entering into /guest/login
08-08-2018 12:55:39.554 [http-nio-8080-exec-8] INFO  c.a.S.service.GuestServiceImpl.validate - Entering into validate in service layer
08-08-2018 12:55:39.554 [http-nio-8080-exec-8] INFO  c.a.S.dao.GuestDaoImpl.validate - Entering into validate guest
08-08-2018 12:55:39.554 [http-nio-8080-exec-8] INFO  c.a.S.G.GuestController.login - Successfully logged in
08-08-2018 12:55:39.585 [http-nio-8080-exec-9] INFO  c.a.S.G.GuestController.viewItenarary - Entering into /guest/view/{guestId}
08-08-2018 12:55:39.585 [http-nio-8080-exec-9] INFO  c.a.S.service.ResortServiceImpl.getAllResort - Entering into getAllResort in service layer
08-08-2018 12:55:39.585 [http-nio-8080-exec-9] INFO  c.a.S.dao.ResortDaoImpl.getAllResort - Entering into getAllResort
08-08-2018 12:55:39.585 [http-nio-8080-exec-9] INFO  c.a.S.service.DiningServiceImpl.getAllDining - Entering into getAllDining in service layer
08-08-2018 12:55:39.585 [http-nio-8080-exec-9] INFO  c.a.S.dao.DiningDaoImpl.getAllDining - Entering into getAllDining
08-08-2018 12:55:52.589 [http-nio-8080-exec-1] INFO  c.a.S.G.GuestController.viewItenarary - Entering into /guest/view/{guestId}
08-08-2018 12:55:52.589 [http-nio-8080-exec-1] INFO  c.a.S.service.ResortServiceImpl.getAllResort - Entering into getAllResort in service layer
08-08-2018 12:55:52.589 [http-nio-8080-exec-1] INFO  c.a.S.dao.ResortDaoImpl.getAllResort - Entering into getAllResort
08-08-2018 12:55:52.590 [http-nio-8080-exec-1] INFO  c.a.S.service.DiningServiceImpl.getAllDining - Entering into getAllDining in service layer
08-08-2018 12:55:52.590 [http-nio-8080-exec-1] INFO  c.a.S.dao.DiningDaoImpl.getAllDining - Entering into getAllDining
08-08-2018 12:56:08.286 [http-nio-8080-exec-4] INFO  c.a.S.G.GuestController.viewItenarary - Entering into /guest/view/{guestId}
08-08-2018 12:56:08.286 [http-nio-8080-exec-4] INFO  c.a.S.service.ResortServiceImpl.getAllResort - Entering into getAllResort in service layer
08-08-2018 12:56:08.286 [http-nio-8080-exec-4] INFO  c.a.S.dao.ResortDaoImpl.getAllResort - Entering into getAllResort
08-08-2018 12:56:08.296 [http-nio-8080-exec-4] INFO  c.a.S.service.DiningServiceImpl.getAllDining - Entering into getAllDining in service layer
08-08-2018 12:56:08.296 [http-nio-8080-exec-4] INFO  c.a.S.dao.DiningDaoImpl.getAllDining - Entering into getAllDining
08-08-2018 12:56:08.327 [http-nio-8080-exec-5] WARN  o.s.w.s.m.s.DefaultHandlerExceptionResolver.handleTypeMismatch - Failed to bind request element: org.springframework.web.method.annotation.MethodArgumentTypeMismatchException: Failed to convert value of type 'java.lang.String' to required type 'long'; nested exception is java.lang.NumberFormatException: For input string: "undefined"
08-08-2018 12:56:19.045 [http-nio-8080-exec-7] INFO  c.a.S.G.GuestController.viewItenarary - Entering into /guest/view/{guestId}
08-08-2018 12:56:19.045 [http-nio-8080-exec-7] INFO  c.a.S.service.ResortServiceImpl.getAllResort - Entering into getAllResort in service layer
08-08-2018 12:56:19.045 [http-nio-8080-exec-7] INFO  c.a.S.dao.ResortDaoImpl.getAllResort - Entering into getAllResort
08-08-2018 12:56:19.045 [http-nio-8080-exec-7] INFO  c.a.S.service.DiningServiceImpl.getAllDining - Entering into getAllDining in service layer
08-08-2018 12:56:19.045 [http-nio-8080-exec-7] INFO  c.a.S.dao.DiningDaoImpl.getAllDining - Entering into getAllDining
08-08-2018 12:56:21.296 [http-nio-8080-exec-8] INFO  c.a.S.G.GuestController.viewItenarary - Entering into /guest/view/{guestId}
08-08-2018 12:56:21.296 [http-nio-8080-exec-8] INFO  c.a.S.service.ResortServiceImpl.getAllResort - Entering into getAllResort in service layer
08-08-2018 12:56:21.296 [http-nio-8080-exec-8] INFO  c.a.S.dao.ResortDaoImpl.getAllResort - Entering into getAllResort
08-08-2018 12:56:21.296 [http-nio-8080-exec-8] INFO  c.a.S.service.DiningServiceImpl.getAllDining - Entering into getAllDining in service layer
08-08-2018 12:56:21.296 [http-nio-8080-exec-8] INFO  c.a.S.dao.DiningDaoImpl.getAllDining - Entering into getAllDining
08-08-2018 12:56:44.545 [http-nio-8080-exec-10] INFO  c.a.S.G.GuestController.viewItenarary - Entering into /guest/view/{guestId}
08-08-2018 12:56:44.545 [http-nio-8080-exec-10] INFO  c.a.S.service.ResortServiceImpl.getAllResort - Entering into getAllResort in service layer
08-08-2018 12:56:44.546 [http-nio-8080-exec-10] INFO  c.a.S.dao.ResortDaoImpl.getAllResort - Entering into getAllResort
08-08-2018 12:56:44.546 [http-nio-8080-exec-10] INFO  c.a.S.service.DiningServiceImpl.getAllDining - Entering into getAllDining in service layer
08-08-2018 12:56:44.546 [http-nio-8080-exec-10] INFO  c.a.S.dao.DiningDaoImpl.getAllDining - Entering into getAllDining
08-08-2018 12:56:53.905 [http-nio-8080-exec-2] INFO  c.a.S.G.GuestController.viewItenarary - Entering into /guest/view/{guestId}
08-08-2018 12:56:53.905 [http-nio-8080-exec-2] INFO  c.a.S.service.ResortServiceImpl.getAllResort - Entering into getAllResort in service layer
08-08-2018 12:56:53.906 [http-nio-8080-exec-2] INFO  c.a.S.dao.ResortDaoImpl.getAllResort - Entering into getAllResort
08-08-2018 12:56:53.906 [http-nio-8080-exec-2] INFO  c.a.S.service.DiningServiceImpl.getAllDining - Entering into getAllDining in service layer
08-08-2018 12:56:53.906 [http-nio-8080-exec-2] INFO  c.a.S.dao.DiningDaoImpl.getAllDining - Entering into getAllDining
08-08-2018 12:57:18.888 [http-nio-8080-exec-4] INFO  c.a.S.G.GuestController.viewItenarary - Entering into /guest/view/{guestId}
08-08-2018 12:57:18.888 [http-nio-8080-exec-4] INFO  c.a.S.service.ResortServiceImpl.getAllResort - Entering into getAllResort in service layer
08-08-2018 12:57:18.898 [http-nio-8080-exec-4] INFO  c.a.S.dao.ResortDaoImpl.getAllResort - Entering into getAllResort
08-08-2018 12:57:18.898 [http-nio-8080-exec-4] INFO  c.a.S.service.DiningServiceImpl.getAllDining - Entering into getAllDining in service layer
08-08-2018 12:57:18.898 [http-nio-8080-exec-4] INFO  c.a.S.dao.DiningDaoImpl.getAllDining - Entering into getAllDining
08-08-2018 12:57:44.882 [http-nio-8080-exec-5] INFO  c.a.S.G.GuestController.viewItenarary - Entering into /guest/view/{guestId}
08-08-2018 12:57:44.882 [http-nio-8080-exec-5] INFO  c.a.S.service.ResortServiceImpl.getAllResort - Entering into getAllResort in service layer
08-08-2018 12:57:44.882 [http-nio-8080-exec-5] INFO  c.a.S.dao.ResortDaoImpl.getAllResort - Entering into getAllResort
08-08-2018 12:57:44.883 [http-nio-8080-exec-5] INFO  c.a.S.service.DiningServiceImpl.getAllDining - Entering into getAllDining in service layer
08-08-2018 12:57:44.883 [http-nio-8080-exec-5] INFO  c.a.S.dao.DiningDaoImpl.getAllDining - Entering into getAllDining
08-08-2018 12:57:51.039 [http-nio-8080-exec-7] INFO  c.a.S.G.GuestController.viewItenarary - Entering into /guest/view/{guestId}
08-08-2018 12:57:51.039 [http-nio-8080-exec-7] INFO  c.a.S.service.ResortServiceImpl.getAllResort - Entering into getAllResort in service layer
08-08-2018 12:57:51.039 [http-nio-8080-exec-7] INFO  c.a.S.dao.ResortDaoImpl.getAllResort - Entering into getAllResort
08-08-2018 12:57:51.039 [http-nio-8080-exec-7] INFO  c.a.S.service.DiningServiceImpl.getAllDining - Entering into getAllDining in service layer
08-08-2018 12:57:51.039 [http-nio-8080-exec-7] INFO  c.a.S.dao.DiningDaoImpl.getAllDining - Entering into getAllDining
08-08-2018 12:57:57.250 [http-nio-8080-exec-8] INFO  c.a.S.G.GuestController.viewItenarary - Entering into /guest/view/{guestId}
08-08-2018 12:57:57.250 [http-nio-8080-exec-8] INFO  c.a.S.service.ResortServiceImpl.getAllResort - Entering into getAllResort in service layer
08-08-2018 12:57:57.250 [http-nio-8080-exec-8] INFO  c.a.S.dao.ResortDaoImpl.getAllResort - Entering into getAllResort
08-08-2018 12:57:57.251 [http-nio-8080-exec-8] INFO  c.a.S.service.DiningServiceImpl.getAllDining - Entering into getAllDining in service layer
08-08-2018 12:57:57.251 [http-nio-8080-exec-8] INFO  c.a.S.dao.DiningDaoImpl.getAllDining - Entering into getAllDining
08-08-2018 13:00:01.519 [http-nio-8080-exec-10] INFO  c.a.S.G.GuestController.viewItenarary - Entering into /guest/view/{guestId}
08-08-2018 13:00:01.529 [http-nio-8080-exec-10] INFO  c.a.S.service.ResortServiceImpl.getAllResort - Entering into getAllResort in service layer
08-08-2018 13:00:01.529 [http-nio-8080-exec-10] INFO  c.a.S.dao.ResortDaoImpl.getAllResort - Entering into getAllResort
08-08-2018 13:00:01.539 [http-nio-8080-exec-10] INFO  c.a.S.service.DiningServiceImpl.getAllDining - Entering into getAllDining in service layer
08-08-2018 13:00:01.539 [http-nio-8080-exec-10] INFO  c.a.S.dao.DiningDaoImpl.getAllDining - Entering into getAllDining
08-08-2018 13:00:14.552 [http-nio-8080-exec-1] INFO  c.a.S.G.GuestController.viewItenarary - Entering into /guest/view/{guestId}
08-08-2018 13:00:14.552 [http-nio-8080-exec-1] INFO  c.a.S.service.ResortServiceImpl.getAllResort - Entering into getAllResort in service layer
08-08-2018 13:00:14.552 [http-nio-8080-exec-1] INFO  c.a.S.dao.ResortDaoImpl.getAllResort - Entering into getAllResort
08-08-2018 13:00:14.552 [http-nio-8080-exec-1] INFO  c.a.S.service.DiningServiceImpl.getAllDining - Entering into getAllDining in service layer
08-08-2018 13:00:14.552 [http-nio-8080-exec-1] INFO  c.a.S.dao.DiningDaoImpl.getAllDining - Entering into getAllDining
08-08-2018 15:58:17.675 [main] INFO  c.a.S.SpringBootProjectApplication.logStarting - Starting SpringBootProjectApplication on DIN34002824 with PID 1324 (D:\Users\rashegde\Desktop\WORKSPACE\Project\target\classes started by rashegde in D:\Users\rashegde\Desktop\WORKSPACE\Project)
08-08-2018 15:58:17.675 [main] INFO  c.a.S.SpringBootProjectApplication.logStartupProfileInfo - No active profile set, falling back to default profiles: default
08-08-2018 15:58:17.753 [main] INFO  o.s.b.w.s.c.AnnotationConfigServletWebServerApplicationContext.prepareRefresh - Refreshing org.springframework.boot.web.servlet.context.AnnotationConfigServletWebServerApplicationContext@7219ec67: startup date [Wed Aug 08 15:58:17 IST 2018]; root of context hierarchy
08-08-2018 15:58:19.360 [main] INFO  o.s.b.w.e.tomcat.TomcatWebServer.initialize - Tomcat initialized with port(s): 8080 (http)
08-08-2018 15:58:19.423 [main] INFO  o.a.catalina.core.StandardService.log - Starting service [Tomcat]
08-08-2018 15:58:19.423 [main] INFO  o.a.catalina.core.StandardEngine.log - Starting Servlet Engine: Apache Tomcat/8.5.31
08-08-2018 15:58:19.439 [localhost-startStop-1] INFO  o.a.c.core.AprLifecycleListener.log - The APR based Apache Tomcat Native library which allows optimal performance in production environments was not found on the java.library.path: [C:\Program Files\Java\jdk1.8.0_171\bin;C:\WINDOWS\Sun\Java\bin;C:\WINDOWS\system32;C:\WINDOWS;C:/Program Files/Java/JAVA_HOME/bin/server;C:/Program Files/Java/JAVA_HOME/bin;C:/Program Files/Java/JAVA_HOME/lib/amd64;C:\Program Files (x86)\Common Files\Oracle\Java\javapath;C:\ProgramData\Oracle\Java\javapath;C:\WINDOWS\system32;C:\WINDOWS;C:\WINDOWS\System32\Wbem;C:\WINDOWS\System32\WindowsPowerShell\v1.0\;C:\Program Files (x86)\QuickTime\QTSystem\;C:\Program Files\CapgeminiScripts\Support Tools\;C:\WINDOWS\System32\WindowsPowerShell\v1.0\;C:\Program Files (x86)\Common Files\Oracle\Java\javapath;C:\ProgramData\Oracle\Java\javapath;C:\WINDOWS\system32;C:\WINDOWS;C:\WINDOWS\System32\Wbem;C:\WINDOWS\System32\WindowsPowerShell\v1.0\;C:\Program Files (x86)\QuickTime\QTSystem\;C:\Program Files\CapgeminiScripts\Support Tools\;C:\WINDOWS\System32\WindowsPowerShell\v1.0\;C:\Users\rashegde\AppData\Local\Programs\Git\cmd;D:\Users\rashegde\Downloads\softwares\eclipse-jee-oxygen-3a-win32-x86_64\eclipse;;.]
08-08-2018 15:58:19.642 [localhost-startStop-1] INFO  o.a.c.c.C.[Tomcat].[localhost].[/].log - Initializing Spring embedded WebApplicationContext
08-08-2018 15:58:19.642 [localhost-startStop-1] INFO  o.s.web.context.ContextLoader.prepareWebApplicationContext - Root WebApplicationContext: initialization completed in 1889 ms
08-08-2018 15:58:19.798 [localhost-startStop-1] INFO  o.s.b.w.s.ServletRegistrationBean.addRegistration - Servlet dispatcherServlet mapped to [/]
08-08-2018 15:58:19.798 [localhost-startStop-1] INFO  o.s.b.w.s.FilterRegistrationBean.configure - Mapping filter: 'characterEncodingFilter' to: [/*]
08-08-2018 15:58:19.798 [localhost-startStop-1] INFO  o.s.b.w.s.FilterRegistrationBean.configure - Mapping filter: 'hiddenHttpMethodFilter' to: [/*]
08-08-2018 15:58:19.798 [localhost-startStop-1] INFO  o.s.b.w.s.FilterRegistrationBean.configure - Mapping filter: 'httpPutFormContentFilter' to: [/*]
08-08-2018 15:58:19.798 [localhost-startStop-1] INFO  o.s.b.w.s.FilterRegistrationBean.configure - Mapping filter: 'requestContextFilter' to: [/*]
08-08-2018 15:58:20.032 [main] DEBUG o.h.v.i.e.r.TraversableResolvers.getDefault - Cannot find javax.persistence.Persistence on classpath. Assuming non JPA 2 environment. All properties will per default be traversable.
08-08-2018 15:58:20.047 [main] DEBUG o.h.v.m.ResourceBundleMessageInterpolator.buildExpressionFactory - Loaded expression factory via original TCCL
08-08-2018 15:58:20.047 [main] DEBUG o.h.v.i.e.r.TraversableResolvers.getDefault - Cannot find javax.persistence.Persistence on classpath. Assuming non JPA 2 environment. All properties will per default be traversable.
08-08-2018 15:58:20.047 [main] DEBUG o.h.v.i.engine.ConfigurationImpl.messageInterpolator - Setting custom MessageInterpolator of type org.springframework.validation.beanvalidation.LocaleContextMessageInterpolator
08-08-2018 15:58:20.047 [main] DEBUG o.h.v.i.engine.ConfigurationImpl.constraintValidatorFactory - Setting custom ConstraintValidatorFactory of type org.springframework.validation.beanvalidation.SpringConstraintValidatorFactory
08-08-2018 15:58:20.047 [main] DEBUG o.h.v.i.engine.ConfigurationImpl.parameterNameProvider - Setting custom ParameterNameProvider of type org.springframework.validation.beanvalidation.LocalValidatorFactoryBean$1
08-08-2018 15:58:20.047 [main] DEBUG o.h.v.i.xml.ValidationXmlParser.getValidationXmlInputStream - Trying to load META-INF/validation.xml for XML based Validator configuration.
08-08-2018 15:58:20.047 [main] DEBUG o.h.v.i.xml.ResourceLoaderHelper.getResettableInputStreamForPath - Trying to load META-INF/validation.xml via user class loader
08-08-2018 15:58:20.047 [main] DEBUG o.h.v.i.xml.ResourceLoaderHelper.getResettableInputStreamForPath - Trying to load META-INF/validation.xml via TCCL
08-08-2018 15:58:20.047 [main] DEBUG o.h.v.i.xml.ResourceLoaderHelper.getResettableInputStreamForPath - Trying to load META-INF/validation.xml via Hibernate Validator's class loader
08-08-2018 15:58:20.047 [main] DEBUG o.h.v.i.xml.ValidationXmlParser.getValidationXmlInputStream - No META-INF/validation.xml found. Using annotation based configuration only.
08-08-2018 15:58:20.047 [main] DEBUG o.h.v.i.engine.ValidatorFactoryImpl.logValidatorFactoryScopedConfiguration - HV000234: Using org.springframework.validation.beanvalidation.LocaleContextMessageInterpolator as ValidatorFactory-scoped message interpolator.
08-08-2018 15:58:20.047 [main] DEBUG o.h.v.i.engine.ValidatorFactoryImpl.logValidatorFactoryScopedConfiguration - HV000234: Using org.hibernate.validator.internal.engine.resolver.TraverseAllTraversableResolver as ValidatorFactory-scoped traversable resolver.
08-08-2018 15:58:20.047 [main] DEBUG o.h.v.i.engine.ValidatorFactoryImpl.logValidatorFactoryScopedConfiguration - HV000234: Using org.hibernate.validator.internal.util.ExecutableParameterNameProvider as ValidatorFactory-scoped parameter name provider.
08-08-2018 15:58:20.047 [main] DEBUG o.h.v.i.engine.ValidatorFactoryImpl.logValidatorFactoryScopedConfiguration - HV000234: Using org.hibernate.validator.internal.engine.DefaultClockProvider as ValidatorFactory-scoped clock provider.
08-08-2018 15:58:20.047 [main] DEBUG o.h.v.i.engine.ValidatorFactoryImpl.logValidatorFactoryScopedConfiguration - HV000234: Using org.hibernate.validator.internal.engine.scripting.DefaultScriptEvaluatorFactory as ValidatorFactory-scoped script evaluator factory.
08-08-2018 15:58:20.110 [main] INFO  o.s.w.s.h.SimpleUrlHandlerMapping.registerHandler - Mapped URL path [/**/favicon.ico] onto handler of type [class org.springframework.web.servlet.resource.ResourceHttpRequestHandler]
08-08-2018 15:58:20.344 [main] INFO  o.s.w.s.m.m.a.RequestMappingHandlerAdapter.initControllerAdviceCache - Looking for @ControllerAdvice: org.springframework.boot.web.servlet.context.AnnotationConfigServletWebServerApplicationContext@7219ec67: startup date [Wed Aug 08 15:58:17 IST 2018]; root of context hierarchy
08-08-2018 15:58:20.406 [main] INFO  o.s.w.s.m.m.a.RequestMappingHandlerMapping.register - Mapped "{[/dining/register/{guestId}],methods=[POST]}" onto public org.springframework.http.ResponseEntity<java.lang.Object> com.app.SpringBootProject.GuestController.DiningController.register(long,com.app.SpringBootProject.bean.Dining)
08-08-2018 15:58:20.406 [main] INFO  o.s.w.s.m.m.a.RequestMappingHandlerMapping.register - Mapped "{[/dining/update/{dReservationNumber}],methods=[PUT]}" onto public org.springframework.http.ResponseEntity<java.lang.Object> com.app.SpringBootProject.GuestController.DiningController.updateDining(long,com.app.SpringBootProject.bean.Dining)
08-08-2018 15:58:20.406 [main] INFO  o.s.w.s.m.m.a.RequestMappingHandlerMapping.register - Mapped "{[/dining/get/{dReservationNumber}],methods=[GET]}" onto public org.springframework.http.ResponseEntity<java.lang.Object> com.app.SpringBootProject.GuestController.DiningController.getDining(long)
08-08-2018 15:58:20.406 [main] INFO  o.s.w.s.m.m.a.RequestMappingHandlerMapping.register - Mapped "{[/dining/getall/{guestId}],methods=[GET]}" onto public java.util.List<com.app.SpringBootProject.bean.Dining> com.app.SpringBootProject.GuestController.DiningController.getAllDining(long)
08-08-2018 15:58:20.406 [main] INFO  o.s.w.s.m.m.a.RequestMappingHandlerMapping.register - Mapped "{[/dining/cancel/{dReservationNumber}],methods=[PUT]}" onto public org.springframework.http.ResponseEntity<com.app.SpringBootProject.bean.Dining> com.app.SpringBootProject.GuestController.DiningController.cancelDining(long)
08-08-2018 15:58:20.407 [main] INFO  o.s.w.s.m.m.a.RequestMappingHandlerMapping.register - Mapped "{[/guest/register],methods=[POST]}" onto public org.springframework.http.ResponseEntity<java.lang.Object> com.app.SpringBootProject.GuestController.GuestController.register(com.app.SpringBootProject.bean.Guest)
08-08-2018 15:58:20.407 [main] INFO  o.s.w.s.m.m.a.RequestMappingHandlerMapping.register - Mapped "{[/guest/update/{guestId}],methods=[PUT]}" onto public org.springframework.http.ResponseEntity<java.lang.Object> com.app.SpringBootProject.GuestController.GuestController.updateGuest(long,com.app.SpringBootProject.bean.Guest)
08-08-2018 15:58:20.407 [main] INFO  o.s.w.s.m.m.a.RequestMappingHandlerMapping.register - Mapped "{[/guest/get/{guestId}],methods=[GET]}" onto public org.springframework.http.ResponseEntity<java.lang.Object> com.app.SpringBootProject.GuestController.GuestController.getResort(long)
08-08-2018 15:58:20.407 [main] INFO  o.s.w.s.m.m.a.RequestMappingHandlerMapping.register - Mapped "{[/guest/login],methods=[POST]}" onto public org.springframework.http.ResponseEntity<java.lang.Object> com.app.SpringBootProject.GuestController.GuestController.login(com.app.SpringBootProject.bean.Guest)
08-08-2018 15:58:20.407 [main] INFO  o.s.w.s.m.m.a.RequestMappingHandlerMapping.register - Mapped "{[/guest/view/{guestId}],methods=[GET]}" onto public java.util.List<java.lang.Object> com.app.SpringBootProject.GuestController.GuestController.viewItenarary(long)
08-08-2018 15:58:20.407 [main] INFO  o.s.w.s.m.m.a.RequestMappingHandlerMapping.register - Mapped "{[/resort/register/{guestId}],methods=[POST]}" onto public org.springframework.http.ResponseEntity<java.lang.Object> com.app.SpringBootProject.GuestController.ResortController.register(long,com.app.SpringBootProject.bean.Resort)
08-08-2018 15:58:20.407 [main] INFO  o.s.w.s.m.m.a.RequestMappingHandlerMapping.register - Mapped "{[/resort/get/{rReservationNumber}],methods=[GET]}" onto public org.springframework.http.ResponseEntity<java.lang.Object> com.app.SpringBootProject.GuestController.ResortController.getResort(long)
08-08-2018 15:58:20.407 [main] INFO  o.s.w.s.m.m.a.RequestMappingHandlerMapping.register - Mapped "{[/resort/update/{rReservationNumber}],methods=[PUT]}" onto public org.springframework.http.ResponseEntity<java.lang.Object> com.app.SpringBootProject.GuestController.ResortController.updateResort(long,com.app.SpringBootProject.bean.Resort)
08-08-2018 15:58:20.407 [main] INFO  o.s.w.s.m.m.a.RequestMappingHandlerMapping.register - Mapped "{[/resort/getall/{guestId}],methods=[GET]}" onto public java.util.List<com.app.SpringBootProject.bean.Resort> com.app.SpringBootProject.GuestController.ResortController.getAllResort(long)
08-08-2018 15:58:20.407 [main] INFO  o.s.w.s.m.m.a.RequestMappingHandlerMapping.register - Mapped "{[/resort/cancel/{rReservationNumber}],methods=[PUT]}" onto public org.springframework.http.ResponseEntity<com.app.SpringBootProject.bean.Resort> com.app.SpringBootProject.GuestController.ResortController.cancelResort(long)
08-08-2018 15:58:20.407 [main] INFO  o.s.w.s.m.m.a.RequestMappingHandlerMapping.register - Mapped "{[/error]}" onto public org.springframework.http.ResponseEntity<java.util.Map<java.lang.String, java.lang.Object>> org.springframework.boot.autoconfigure.web.servlet.error.BasicErrorController.error(javax.servlet.http.HttpServletRequest)
08-08-2018 15:58:20.407 [main] INFO  o.s.w.s.m.m.a.RequestMappingHandlerMapping.register - Mapped "{[/error],produces=[text/html]}" onto public org.springframework.web.servlet.ModelAndView org.springframework.boot.autoconfigure.web.servlet.error.BasicErrorController.errorHtml(javax.servlet.http.HttpServletRequest,javax.servlet.http.HttpServletResponse)
08-08-2018 15:58:20.532 [main] INFO  o.s.w.s.h.SimpleUrlHandlerMapping.registerHandler - Mapped URL path [/webjars/**] onto handler of type [class org.springframework.web.servlet.resource.ResourceHttpRequestHandler]
08-08-2018 15:58:20.532 [main] INFO  o.s.w.s.h.SimpleUrlHandlerMapping.registerHandler - Mapped URL path [/**] onto handler of type [class org.springframework.web.servlet.resource.ResourceHttpRequestHandler]
08-08-2018 15:58:20.735 [main] INFO  o.s.j.e.a.AnnotationMBeanExporter.afterSingletonsInstantiated - Registering beans for JMX exposure on startup
08-08-2018 15:58:20.735 [main] INFO  o.s.j.e.a.AnnotationMBeanExporter.autodetect - Bean with name 'dataSource' has been autodetected for JMX exposure
08-08-2018 15:58:20.735 [main] INFO  o.s.j.e.a.AnnotationMBeanExporter.registerBeanInstance - Located MBean 'dataSource': registering with JMX server as MBean [com.zaxxer.hikari:name=dataSource,type=HikariDataSource]
08-08-2018 15:58:20.813 [main] INFO  o.s.b.w.e.tomcat.TomcatWebServer.start - Tomcat started on port(s): 8080 (http) with context path ''
08-08-2018 15:58:20.828 [main] INFO  c.a.S.SpringBootProjectApplication.logStarted - Started SpringBootProjectApplication in 4.074 seconds (JVM running for 4.833)
08-08-2018 15:58:20.828 [main] INFO  SpringBootProjectApplication.class.main - started. . .!!!
08-08-2018 15:58:30.909 [http-nio-8080-exec-1] INFO  o.a.c.c.C.[Tomcat].[localhost].[/].log - Initializing Spring FrameworkServlet 'dispatcherServlet'
08-08-2018 15:58:30.909 [http-nio-8080-exec-1] INFO  o.s.web.servlet.DispatcherServlet.initServletBean - FrameworkServlet 'dispatcherServlet': initialization started
08-08-2018 15:58:30.937 [http-nio-8080-exec-1] INFO  o.s.web.servlet.DispatcherServlet.initServletBean - FrameworkServlet 'dispatcherServlet': initialization completed in 27 ms
08-08-2018 15:58:31.119 [http-nio-8080-exec-2] INFO  c.a.S.G.GuestController.viewItenarary - Entering into /guest/view/{guestId}
08-08-2018 15:58:31.119 [http-nio-8080-exec-2] INFO  c.a.S.service.ResortServiceImpl.getAllResort - Entering into getAllResort in service layer
08-08-2018 15:58:31.126 [http-nio-8080-exec-2] INFO  com.zaxxer.hikari.HikariDataSource.getConnection - HikariPool-1 - Starting...
08-08-2018 15:58:31.571 [http-nio-8080-exec-2] INFO  com.zaxxer.hikari.HikariDataSource.getConnection - HikariPool-1 - Start completed.
08-08-2018 15:58:31.592 [http-nio-8080-exec-2] INFO  c.a.S.dao.ResortDaoImpl.getAllResort - Entering into getAllResort
08-08-2018 15:58:31.653 [http-nio-8080-exec-2] INFO  c.a.S.service.DiningServiceImpl.getAllDining - Entering into getAllDining in service layer
08-08-2018 15:58:31.658 [http-nio-8080-exec-2] INFO  c.a.S.dao.DiningDaoImpl.getAllDining - Entering into getAllDining
08-08-2018 15:59:12.056 [http-nio-8080-exec-3] INFO  c.a.S.G.GuestController.viewItenarary - Entering into /guest/view/{guestId}
08-08-2018 15:59:12.056 [http-nio-8080-exec-3] INFO  c.a.S.service.ResortServiceImpl.getAllResort - Entering into getAllResort in service layer
08-08-2018 15:59:12.059 [http-nio-8080-exec-3] INFO  c.a.S.dao.ResortDaoImpl.getAllResort - Entering into getAllResort
08-08-2018 15:59:12.062 [http-nio-8080-exec-3] INFO  c.a.S.service.DiningServiceImpl.getAllDining - Entering into getAllDining in service layer
08-08-2018 15:59:12.063 [http-nio-8080-exec-3] INFO  c.a.S.dao.DiningDaoImpl.getAllDining - Entering into getAllDining
08-08-2018 15:59:16.424 [http-nio-8080-exec-4] INFO  c.a.S.G.GuestController.viewItenarary - Entering into /guest/view/{guestId}
08-08-2018 15:59:16.425 [http-nio-8080-exec-4] INFO  c.a.S.service.ResortServiceImpl.getAllResort - Entering into getAllResort in service layer
08-08-2018 15:59:16.427 [http-nio-8080-exec-4] INFO  c.a.S.dao.ResortDaoImpl.getAllResort - Entering into getAllResort
08-08-2018 15:59:16.434 [http-nio-8080-exec-4] INFO  c.a.S.service.DiningServiceImpl.getAllDining - Entering into getAllDining in service layer
08-08-2018 15:59:16.435 [http-nio-8080-exec-4] INFO  c.a.S.dao.DiningDaoImpl.getAllDining - Entering into getAllDining
08-08-2018 15:59:39.736 [http-nio-8080-exec-5] INFO  c.a.S.G.GuestController.login - Entering into /guest/login
08-08-2018 15:59:39.737 [http-nio-8080-exec-5] INFO  c.a.S.service.GuestServiceImpl.validate - Entering into validate in service layer
08-08-2018 15:59:39.741 [http-nio-8080-exec-5] INFO  c.a.S.dao.GuestDaoImpl.validate - Entering into validate guest
08-08-2018 15:59:39.776 [http-nio-8080-exec-5] INFO  c.a.S.G.GuestController.login - Successfully logged in
08-08-2018 15:59:44.630 [http-nio-8080-exec-6] INFO  c.a.S.G.GuestController.login - Entering into /guest/login
08-08-2018 15:59:44.630 [http-nio-8080-exec-6] INFO  c.a.S.service.GuestServiceImpl.validate - Entering into validate in service layer
08-08-2018 15:59:44.631 [http-nio-8080-exec-6] INFO  c.a.S.dao.GuestDaoImpl.validate - Entering into validate guest
08-08-2018 15:59:44.632 [http-nio-8080-exec-6] ERROR c.a.S.dao.GuestDaoImpl.validate - DataAccessException occured while validating. . .!!!
08-08-2018 15:59:44.633 [http-nio-8080-exec-6] ERROR c.a.S.G.GuestController.login - Login Failed......Try again
08-08-2018 16:00:41.911 [http-nio-8080-exec-8] INFO  c.a.S.G.GuestController.register - Entering into /guest/register
08-08-2018 16:00:41.911 [http-nio-8080-exec-8] INFO  c.a.S.service.GuestServiceImpl.registerGuest - Entering into registerGuest in service layer
08-08-2018 16:00:41.911 [http-nio-8080-exec-8] INFO  c.a.S.dao.GuestDaoImpl.registerGuest - Entering into register guest
08-08-2018 16:00:42.071 [http-nio-8080-exec-8] INFO  o.s.b.f.xml.XmlBeanDefinitionReader.loadBeanDefinitions - Loading XML bean definitions from class path resource [org/springframework/jdbc/support/sql-error-codes.xml]
08-08-2018 16:00:42.235 [http-nio-8080-exec-8] INFO  o.s.j.support.SQLErrorCodesFactory.<init> - SQLErrorCodes loaded: [DB2, Derby, H2, HDB, HSQL, Informix, MS-SQL, MySQL, Oracle, PostgreSQL, Sybase]
08-08-2018 16:00:42.238 [http-nio-8080-exec-8] ERROR c.a.S.dao.GuestDaoImpl.registerGuest - DataAccessException occured in register guest. . .!!![Ljava.lang.StackTraceElement;@4649e757
08-08-2018 16:00:42.238 [http-nio-8080-exec-8] ERROR c.a.S.G.GuestController.register - Registration Failed......Try again
08-08-2018 16:00:49.049 [http-nio-8080-exec-9] INFO  c.a.S.G.GuestController.register - Entering into /guest/register
08-08-2018 16:00:49.050 [http-nio-8080-exec-9] INFO  c.a.S.service.GuestServiceImpl.registerGuest - Entering into registerGuest in service layer
08-08-2018 16:00:49.050 [http-nio-8080-exec-9] INFO  c.a.S.dao.GuestDaoImpl.registerGuest - Entering into register guest
08-08-2018 16:00:49.406 [http-nio-8080-exec-9] INFO  c.a.S.G.GuestController.register - Guest registration successfully......
08-08-2018 16:00:53.488 [http-nio-8080-exec-10] INFO  c.a.S.G.GuestController.register - Entering into /guest/register
08-08-2018 16:00:53.488 [http-nio-8080-exec-10] INFO  c.a.S.service.GuestServiceImpl.registerGuest - Entering into registerGuest in service layer
08-08-2018 16:00:53.488 [http-nio-8080-exec-10] INFO  c.a.S.dao.GuestDaoImpl.registerGuest - Entering into register guest
08-08-2018 16:00:53.681 [http-nio-8080-exec-10] INFO  c.a.S.G.GuestController.register - Guest registration successfully......
08-08-2018 16:01:16.499 [http-nio-8080-exec-1] INFO  c.a.S.G.GuestController.register - Entering into /guest/register
08-08-2018 16:01:16.500 [http-nio-8080-exec-1] INFO  c.a.S.service.GuestServiceImpl.registerGuest - Entering into registerGuest in service layer
08-08-2018 16:01:16.501 [http-nio-8080-exec-1] INFO  c.a.S.dao.GuestDaoImpl.registerGuest - Entering into register guest
08-08-2018 16:01:16.682 [http-nio-8080-exec-1] INFO  c.a.S.G.GuestController.register - Guest registration successfully......
08-08-2018 16:02:33.189 [http-nio-8080-exec-3] INFO  c.a.S.G.GuestController.updateGuest - Entering into /guest/update/{guestId}
08-08-2018 16:02:33.190 [http-nio-8080-exec-3] INFO  c.a.S.service.GuestServiceImpl.updateGuest - Entering into updateGuest in service layer
08-08-2018 16:02:33.190 [http-nio-8080-exec-3] INFO  c.a.S.dao.GuestDaoImpl.updateGuest - Entering into updateGuest
08-08-2018 16:02:33.290 [http-nio-8080-exec-3] INFO  c.a.S.service.GuestServiceImpl.getGuest - Entering into getGuest in service layer
08-08-2018 16:02:33.291 [http-nio-8080-exec-3] INFO  c.a.S.dao.GuestDaoImpl.getGuest - Entering into getGuest
08-08-2018 16:02:33.300 [http-nio-8080-exec-3] ERROR c.a.S.dao.GuestDaoImpl.getGuest - DataAccessException occured in get guest. . .!!!
08-08-2018 16:02:33.300 [http-nio-8080-exec-3] ERROR c.a.S.G.GuestController.updateGuest - Updation Failed......Try again
08-08-2018 16:02:43.186 [http-nio-8080-exec-4] INFO  c.a.S.G.GuestController.updateGuest - Entering into /guest/update/{guestId}
08-08-2018 16:02:43.186 [http-nio-8080-exec-4] INFO  c.a.S.service.GuestServiceImpl.updateGuest - Entering into updateGuest in service layer
08-08-2018 16:02:43.187 [http-nio-8080-exec-4] INFO  c.a.S.dao.GuestDaoImpl.updateGuest - Entering into updateGuest
08-08-2018 16:02:43.188 [http-nio-8080-exec-4] INFO  c.a.S.service.GuestServiceImpl.getGuest - Entering into getGuest in service layer
08-08-2018 16:02:43.188 [http-nio-8080-exec-4] INFO  c.a.S.dao.GuestDaoImpl.getGuest - Entering into getGuest
08-08-2018 16:02:43.189 [http-nio-8080-exec-4] ERROR c.a.S.dao.GuestDaoImpl.getGuest - DataAccessException occured in get guest. . .!!!
08-08-2018 16:02:43.190 [http-nio-8080-exec-4] ERROR c.a.S.G.GuestController.updateGuest - Updation Failed......Try again
08-08-2018 16:02:50.119 [http-nio-8080-exec-5] INFO  c.a.S.G.GuestController.updateGuest - Entering into /guest/update/{guestId}
08-08-2018 16:02:50.119 [http-nio-8080-exec-5] INFO  c.a.S.service.GuestServiceImpl.updateGuest - Entering into updateGuest in service layer
08-08-2018 16:02:50.120 [http-nio-8080-exec-5] INFO  c.a.S.dao.GuestDaoImpl.updateGuest - Entering into updateGuest
08-08-2018 16:02:50.121 [http-nio-8080-exec-5] INFO  c.a.S.service.GuestServiceImpl.getGuest - Entering into getGuest in service layer
08-08-2018 16:02:50.121 [http-nio-8080-exec-5] INFO  c.a.S.dao.GuestDaoImpl.getGuest - Entering into getGuest
08-08-2018 16:02:50.122 [http-nio-8080-exec-5] ERROR c.a.S.dao.GuestDaoImpl.getGuest - DataAccessException occured in get guest. . .!!!
08-08-2018 16:02:50.122 [http-nio-8080-exec-5] ERROR c.a.S.G.GuestController.updateGuest - Updation Failed......Try again
08-08-2018 16:02:55.409 [http-nio-8080-exec-6] INFO  c.a.S.G.GuestController.updateGuest - Entering into /guest/update/{guestId}
08-08-2018 16:02:55.409 [http-nio-8080-exec-6] INFO  c.a.S.service.GuestServiceImpl.updateGuest - Entering into updateGuest in service layer
08-08-2018 16:02:55.411 [http-nio-8080-exec-6] INFO  c.a.S.dao.GuestDaoImpl.updateGuest - Entering into updateGuest
08-08-2018 16:02:55.553 [http-nio-8080-exec-6] INFO  c.a.S.service.GuestServiceImpl.getGuest - Entering into getGuest in service layer
08-08-2018 16:02:55.553 [http-nio-8080-exec-6] INFO  c.a.S.dao.GuestDaoImpl.getGuest - Entering into getGuest
08-08-2018 16:02:55.555 [http-nio-8080-exec-6] INFO  c.a.S.G.GuestController.updateGuest - Guest updated successfully......
08-08-2018 16:03:02.702 [http-nio-8080-exec-7] INFO  c.a.S.G.GuestController.updateGuest - Entering into /guest/update/{guestId}
08-08-2018 16:03:02.703 [http-nio-8080-exec-7] INFO  c.a.S.service.GuestServiceImpl.updateGuest - Entering into updateGuest in service layer
08-08-2018 16:03:02.703 [http-nio-8080-exec-7] INFO  c.a.S.dao.GuestDaoImpl.updateGuest - Entering into updateGuest
08-08-2018 16:03:02.704 [http-nio-8080-exec-7] INFO  c.a.S.service.GuestServiceImpl.getGuest - Entering into getGuest in service layer
08-08-2018 16:03:02.704 [http-nio-8080-exec-7] INFO  c.a.S.dao.GuestDaoImpl.getGuest - Entering into getGuest
08-08-2018 16:03:02.705 [http-nio-8080-exec-7] ERROR c.a.S.dao.GuestDaoImpl.getGuest - DataAccessException occured in get guest. . .!!!
08-08-2018 16:03:02.706 [http-nio-8080-exec-7] ERROR c.a.S.G.GuestController.updateGuest - Updation Failed......Try again
08-08-2018 16:03:24.022 [http-nio-8080-exec-8] INFO  c.a.S.G.ResortController.register - Entering into /resort/register/{guestId}
08-08-2018 16:03:24.022 [http-nio-8080-exec-8] INFO  c.a.S.service.ResortServiceImpl.registerResort - Entering into registerResort in service layer
08-08-2018 16:03:24.024 [http-nio-8080-exec-8] INFO  c.a.S.dao.ResortDaoImpl.registerResort - Entering into registerResort
08-08-2018 16:03:24.155 [http-nio-8080-exec-8] INFO  c.a.S.G.ResortController.register - Resort registration successfull......
08-08-2018 16:03:27.381 [http-nio-8080-exec-9] INFO  c.a.S.G.ResortController.register - Entering into /resort/register/{guestId}
08-08-2018 16:03:27.381 [http-nio-8080-exec-9] INFO  c.a.S.service.ResortServiceImpl.registerResort - Entering into registerResort in service layer
08-08-2018 16:03:27.382 [http-nio-8080-exec-9] INFO  c.a.S.dao.ResortDaoImpl.registerResort - Entering into registerResort
08-08-2018 16:03:27.485 [http-nio-8080-exec-9] ERROR c.a.S.dao.ResortDaoImpl.registerResort - DataAccessException occured in register resort. . .!!![Ljava.lang.StackTraceElement;@6ce1cc26
08-08-2018 16:03:27.545 [http-nio-8080-exec-9] ERROR c.a.S.G.ResortController.register - Registration Failed......Try again
08-08-2018 16:03:33.647 [http-nio-8080-exec-10] INFO  c.a.S.G.DiningController.register - Entering into /dining/register/{guestId}
08-08-2018 16:03:33.648 [http-nio-8080-exec-10] INFO  c.a.S.service.DiningServiceImpl.registerDining - Entering into registerDining in service layer
08-08-2018 16:03:33.648 [http-nio-8080-exec-10] INFO  c.a.S.dao.DiningDaoImpl.registerDining - Entering into register dining
08-08-2018 16:03:33.651 [http-nio-8080-exec-10] ERROR c.a.S.dao.DiningDaoImpl.registerDining - DataAccessException occured in register dining. . .!!!PreparedStatementCallback; SQL [INSERT INTO dining(guest_id,dining_type,arrival_date,no_of_people,created_date,updated_date) VALUES (?,?,?,?,?,?)Data truncation: Data too long for column 'dining_type' at row 1; nested exception is com.mysql.jdbc.MysqlDataTruncation: Data truncation: Data too long for column 'dining_type' at row 1
08-08-2018 16:03:33.651 [http-nio-8080-exec-10] ERROR c.a.S.G.DiningController.register - Registration Failed......Try again
08-08-2018 16:03:51.032 [http-nio-8080-exec-1] INFO  c.a.S.G.DiningController.register - Entering into /dining/register/{guestId}
08-08-2018 16:03:51.033 [http-nio-8080-exec-1] INFO  c.a.S.service.DiningServiceImpl.registerDining - Entering into registerDining in service layer
08-08-2018 16:03:51.033 [http-nio-8080-exec-1] INFO  c.a.S.dao.DiningDaoImpl.registerDining - Entering into register dining
08-08-2018 16:03:51.304 [http-nio-8080-exec-1] INFO  c.a.S.dao.DiningDaoImpl.registerDining - status updated successfully
08-08-2018 16:03:51.306 [http-nio-8080-exec-1] INFO  c.a.S.G.DiningController.register - Dining registration successfull......
